<?xml version="1.0" encoding="UTF-8"?>
<beans xmlns="http://www.springframework.org/schema/beans"
       xmlns:xsi="http://www.w3.org/2001/XMLSchema-instance"
       xmlns:context="http://www.springframework.org/schema/context"
       xsi:schemaLocation="http://www.springframework.org/schema/beans http://www.springframework.org/schema/beans/spring-beans-3.0.xsd
       http://www.springframework.org/schema/context http://www.springframework.org/schema/context/spring-context-3.0.xsd">


  <!--
   <bean id="propertyConfigurer"
      class="org.springframework.beans.factory.config.PropertyPlaceholderConfigurer">
       <property name="locations">
           <list>
               <value>classpath:jemos-jmx.properties</value>
               <value>file:///${user.home}/.secure/jmxconnector-credentials.properties</value>
           </list>
       </property>
   </bean>
  -->

  <bean id="logger" class="com.vozzware.util.VwLogger" factory-method="getInstance">
    <constructor-arg type="java.lang.String" value="junit.properties"/>
  </bean>

  <!--
  <bean class="org.springframework.jmx.export.MBeanExporter" lazy-init="false">
      <property name="beans">
        <map>
          <entry key="bean:name=VwLogger" value-ref="logger"/>
        </map>
      </property>
  </bean>
  -->
   <!-- In order to automatically detect MBeans we need to recognise Spring beans -->
   <context:component-scan base-package="com.vozzware" />
  <context:component-scan base-package="test.vozzware" />

   <!-- This causes MBeans annotations to be recognised and MBeans to be registered with the JMX server -->
   <context:mbean-export default-domain="vozzware.mbeans"/>

   <bean id="vozzwareJmxServer" class="org.springframework.jmx.support.ConnectorServerFactoryBean"
       depends-on="rmiRegistry">
       <property name="objectName" value="connector:name=rmi" />
       <property name="serviceUrl"
           value="service:jmx:rmi://localhost/jndi/rmi://localhost://localhost:1099/jmxrmi" />
     <!-- the following is only valid when the sun jmx implementation is used -->
      <!-- <property name="environment">
            <map>
               <entry key="jmx.remote.x.password.file" value="${user.home}/.secure/jmxremote.password" />
               <entry key="jmx.remote.x.access.file" value="${user.home}/.secure/jmxremote.access" />
           </map>
       </property>
       -->

   </bean>

   <bean id="rmiRegistry" class="org.springframework.remoting.rmi.RmiRegistryFactoryBean">
     <property name="port" value="1099" />

   </bean>

<!-- Used for testing  -->

  <!--
   <bean id="clientConnector" class="org.springframework.jmx.support.MBeanServerConnectionFactoryBean"
       depends-on="vozzwareJmxServer">
         <property name="serviceUrl" value="service:jmx:rmi://localhost/jndi/rmi://localhost://localhost:1099/jmxrmi"/>
   </bean>

  -->
</beans>

